Environment variables:
  - =::=::\
  - ALLUSERSPROFILE=C:\ProgramData
  - APPDATA=C:\Users\mouez\AppData\Roaming
  - APR_ICONV_PATH=C:\Program Files (x86)\Subversion\iconv
  - CLASSPATH=.;.;C:\PROGRA~2\JMF21~1.1E\lib\sound.jar;C:\PROGRA~2\JMF21~1.1E\lib\jmf.jar;C:\PROGRA~2\JMF21~1.1E\lib;
  - COMPUTERNAME=LAPTOP-NDUIBDOH
  - ComSpec=C:\WINDOWS\system32\cmd.exe
  - CommonProgramFiles=C:\Program Files\Common Files
  - CommonProgramFiles(x86)=C:\Program Files (x86)\Common Files
  - CommonProgramW6432=C:\Program Files\Common Files
  - FPS_BROWSER_APP_PROFILE_STRING=Internet Explorer
  - FPS_BROWSER_USER_PROFILE_STRING=Default
  - HOMEDRIVE=C:
  - HOMEPATH=\Users\mouez
  - JAVA_HOME=C:\Program Files\Java\jdk1.8.0_131
  - JRE_HOME=C:\Program Files (x86)\Java\jre1.6.0_02
  - LOCALAPPDATA=C:\Users\mouez\AppData\Local
  - LOGONSERVER=\\LAPTOP-NDUIBDOH
  - NUMBER_OF_PROCESSORS=4
  - OS=Windows_NT
  - OneDrive=C:\Users\mouez\OneDrive
  - OnlineServices=Online Services
  - PATHEXT=.COM;.EXE;.BAT;.CMD;.VBS;.VBE;.JS;.JSE;.WSF;.WSH;.MSC
  - PROCESSOR_ARCHITECTURE=AMD64
  - PROCESSOR_IDENTIFIER=AMD64 Family 22 Model 48 Stepping 1, AuthenticAMD
  - PROCESSOR_LEVEL=22
  - PROCESSOR_REVISION=3001
  - PSModulePath=C:\Program Files\WindowsPowerShell\Modules;C:\WINDOWS\system32\WindowsPowerShell\v1.0\Modules
  - PUBLIC=C:\Users\Public
  - Path=C:/Program Files/Java/jre1.8.0_151/bin/server;C:/Program Files/Java/jre1.8.0_151/bin;C:/Program Files/Java/jre1.8.0_151/lib/amd64;C:\ProgramData\Oracle\Java\javapath;C:\WINDOWS\system32;C:\WINDOWS;C:\WINDOWS\System32\Wbem;C:\WINDOWS\System32\WindowsPowerShell\v1.0\;C:\Program Files\Git\cmd;C:\Program Files (x86)\Subversion\bin;C:\Program Files\PuTTY\;C:\Program Files (x86)\Symantec\VIP Access Client\;C:\Users\mouez\AppData\Local\Microsoft\WindowsApps;;C:\Users\mouez\sts-bundle\sts-3.8.4.RELEASE;
  - ProgramData=C:\ProgramData
  - ProgramFiles=C:\Program Files
  - ProgramFiles(x86)=C:\Program Files (x86)
  - ProgramW6432=C:\Program Files
  - RegionCode=EMEA
  - SESSIONNAME=Console
  - SystemDrive=C:
  - SystemRoot=C:\WINDOWS
  - TEMP=C:\Users\mouez\AppData\Local\Temp
  - TMP=C:\Users\mouez\AppData\Local\Temp
  - USERDOMAIN=LAPTOP-NDUIBDOH
  - USERDOMAIN_ROAMINGPROFILE=LAPTOP-NDUIBDOH
  - USERNAME=mouez
  - USERPROFILE=C:\Users\mouez
  - VBOX_MSI_INSTALL_PATH=C:\Program Files\Oracle\VirtualBox\
  - platformcode=KV
  - windir=C:\WINDOWS
System properties:
  - awt.toolkit=sun.awt.windows.WToolkit
  - classworlds.conf=C:\Users\mouez\workspace-sts-3.8.4.RELEASE\.metadata\.plugins\org.eclipse.m2e.launching\launches\m2conf5799124593456783403.tmp
  - file.encoding=UTF-8
  - file.encoding.pkg=sun.io
  - file.separator=\
  - guice.disable.misplaced.annotation.check=true
  - java.awt.graphicsenv=sun.awt.Win32GraphicsEnvironment
  - java.awt.printerjob=sun.awt.windows.WPrinterJob
  - java.class.path=/C:/Users/mouez/sts-bundle/sts-3.8.4.RELEASE/plugins/org.eclipse.m2e.maven.runtime_1.7.0.20160603-1931/jars/plexus-classworlds-2.5.2.jar
  - java.class.version=52.0
  - java.endorsed.dirs=C:\Program Files\Java\jdk1.8.0_131\jre\lib\endorsed
  - java.ext.dirs=C:\Program Files\Java\jdk1.8.0_131\jre\lib\ext;C:\WINDOWS\Sun\Java\lib\ext
  - java.home=C:\Program Files\Java\jdk1.8.0_131\jre
  - java.io.tmpdir=C:\Users\mouez\AppData\Local\Temp\
  - java.library.path=C:\Program Files\Java\jdk1.8.0_131\bin;C:\WINDOWS\Sun\Java\bin;C:\WINDOWS\system32;C:\WINDOWS;C:/Program Files/Java/jre1.8.0_151/bin/server;C:/Program Files/Java/jre1.8.0_151/bin;C:/Program Files/Java/jre1.8.0_151/lib/amd64;C:\ProgramData\Oracle\Java\javapath;C:\WINDOWS\system32;C:\WINDOWS;C:\WINDOWS\System32\Wbem;C:\WINDOWS\System32\WindowsPowerShell\v1.0\;C:\Program Files\Git\cmd;C:\Program Files (x86)\Subversion\bin;C:\Program Files\PuTTY\;C:\Program Files (x86)\Symantec\VIP Access Client\;C:\Users\mouez\AppData\Local\Microsoft\WindowsApps;;C:\Users\mouez\sts-bundle\sts-3.8.4.RELEASE;;.
  - java.runtime.name=Java(TM) SE Runtime Environment
  - java.runtime.version=1.8.0_131-b11
  - java.specification.name=Java Platform API Specification
  - java.specification.vendor=Oracle Corporation
  - java.specification.version=1.8
  - java.vendor=Oracle Corporation
  - java.vendor.url=http://java.oracle.com/
  - java.vendor.url.bug=http://bugreport.sun.com/bugreport/
  - java.version=1.8.0_131
  - java.vm.info=mixed mode
  - java.vm.name=Java HotSpot(TM) 64-Bit Server VM
  - java.vm.specification.name=Java Virtual Machine Specification
  - java.vm.specification.vendor=Oracle Corporation
  - java.vm.specification.version=1.8
  - java.vm.vendor=Oracle Corporation
  - java.vm.version=25.131-b11
  - line.separator=

  - maven.home=C:\Users\mouez\git\googleSearchRest\googleSearchRest\EMBEDDED
  - maven.multiModuleProjectDirectory=C:\Users\mouez\git\googleSearchRest\googleSearchRest
  - org.slf4j.simpleLogger.defaultLogLevel=debug
  - os.arch=amd64
  - os.name=Windows 10
  - os.version=10.0
  - path.separator=;
  - sun.arch.data.model=64
  - sun.boot.class.path=C:\Program Files\Java\jdk1.8.0_131\jre\lib\resources.jar;C:\Program Files\Java\jdk1.8.0_131\jre\lib\rt.jar;C:\Program Files\Java\jdk1.8.0_131\jre\lib\sunrsasign.jar;C:\Program Files\Java\jdk1.8.0_131\jre\lib\jsse.jar;C:\Program Files\Java\jdk1.8.0_131\jre\lib\jce.jar;C:\Program Files\Java\jdk1.8.0_131\jre\lib\charsets.jar;C:\Program Files\Java\jdk1.8.0_131\jre\lib\jfr.jar;C:\Program Files\Java\jdk1.8.0_131\jre\classes
  - sun.boot.library.path=C:\Program Files\Java\jdk1.8.0_131\jre\bin
  - sun.cpu.endian=little
  - sun.cpu.isalist=amd64
  - sun.desktop=windows
  - sun.io.unicode.encoding=UnicodeLittle
  - sun.java.command=org.codehaus.plexus.classworlds.launcher.Launcher -Dsonar.organization=moueza-github -Dsonar.host.url=https://sonarcloud.io -Dsonar.login=922cc03912dbe6d0b7380f059583357ef6166ab9 -B -X -e --threads 4 sonar:sonar
  - sun.java.launcher=SUN_STANDARD
  - sun.jnu.encoding=Cp1252
  - sun.management.compiler=HotSpot 64-Bit Tiered Compilers
  - sun.os.patch.level=
  - user.country=FR
  - user.dir=C:\Users\mouez\git\googleSearchRest\googleSearchRest
  - user.home=C:\Users\mouez
  - user.language=fr
  - user.name=mouez
  - user.script=
  - user.timezone=Europe/Paris
  - user.variant=
SonarQube plugins:
  - CVS 1.0 (scmcvs)
  - Bitbucket Authentication for SonarQube 1.0 (authbitbucket)
  - Branch 7.1.0.1003 (branch)
  - SonarQube :: Plugins :: SCM :: SVN 1.6.0.860 (scmsvn)
  - Billing 7.1.0.1003 (billing)
  - SonarPLSQL 3.2.0.1753 (plsql)
  - SonarC# 7.0.0.4787 (csharp)
  - SonarJava 5.1.1.13214 (java)
  - Web 2.5.0.476 (web)
  - Flex 2.3 (flex)
  - SonarXML 1.5.0.1023 (xml)
  - SonarTS 1.6.0.2388 (typescript)
  - SonarVB 4.2.0.248 (vbnet)
  - SonarSwift 3.1.0.2067 (swift)
  - GitHub 1.4.2.1027 (github)
  - SonarCFamily 5.1.0.10083 (cpp)
  - SonarPython 1.9.0.2010 (python)
  - GitHub Authentication for SonarQube 1.3 (authgithub)
  - Mercurial 1.1.1 (scmmercurial)
  - Microsoft Authentication for SonarCloud 1.0.0.117 (authmicrosoft)
  - SonarTSQL 1.1.0.2177 (tsql)
  - SonarJS 4.1.0.6085 (javascript)
  - License 3.2.0.1163 (license)
  - SonarQube :: Plugins :: SCM :: Git 1.3.0.869 (scmgit)
  - HA 7.1.0.1003 (ha)
  - SonarPHP 2.12.1.3018 (php)
  - Developer 7.1.0.1003 (developer)
  - SonarABAP 3.5.0.1080 (abap)
  - SVG Badges 3.0.1 (status)
Global properties:
  - email.from=noreply@sonarcloud.io
  - email.prefix=[SonarCloud]
  - sonar.auth.bitbucket.enabled=true
  - sonar.auth.github.allowUsersToSignUp=true
  - sonar.auth.github.enabled=true
  - sonar.auth.microsoft.enabled=true
  - sonar.core.id=AWHW8ct9-T_TB3XqouNu
  - sonar.core.serverBaseURL=https://sonarcloud.io
  - sonar.core.startTime=2018-03-12T12:55:14+0100
  - sonar.cpd.cross_project=false
  - sonar.dbcleaner.daysBeforeDeletingClosedIssues=730
  - sonar.dbcleaner.weeksBeforeDeletingAllSnapshots=480
  - sonar.dbcleaner.weeksBeforeKeepingOnlyOneSnapshotByMonth=4
  - sonar.dbcleaner.weeksBeforeKeepingOnlyOneSnapshotByWeek=1
  - sonar.java.collectAnalysisErrors=true
  - sonar.leak.period=30
  - sonar.lf.aboutText=<div class="boxed-group" style="border: none; border-radius: 3px;">
  <div class="boxed-group-inner clearfix" style="padding: 30px; border-radius: 3px; border: #e6e6e6 1px solid; background: #f3f3f3;">
    <div style="overflow: hidden; line-height: 1.5; font-size: 16px;">
      <p>
Analyze your open source and private projects on SonarCloud.
Select your <a href="https://about.sonarcloud.io">plan</a> and start improving. 
      </p>
    </div>
  </div>
</div>
  - sonar.lf.enableGravatar=true
  - sonar.lf.logoUrl=https://about.sonarcloud.io/images/SonarCloud-white-210px.png
  - sonar.lf.logoWidthPx=105
  - sonar.organizations.anyoneCanCreate=true
  - sonar.organizations.createPersonalOrg=true
  - sonar.plsql.file.suffixes=sql,tab,pkb
  - sonar.tsql.file.suffixes=.tsql
Settings for module: homniserv.moueza:googleSearchRest
  - sonar.binaries=C:\Users\mouez\git\googleSearchRest\googleSearchRest\target\classes
  - sonar.groovy.binaries=C:\Users\mouez\git\googleSearchRest\googleSearchRest\target\classes
  - sonar.host.url=https://sonarcloud.io
  - sonar.java.binaries=C:\Users\mouez\git\googleSearchRest\googleSearchRest\target\classes
  - sonar.java.source=1.5
  - sonar.java.target=1.5
  - sonar.java.test.binaries=C:\Users\mouez\git\googleSearchRest\googleSearchRest\target\test-classes
  - sonar.java.test.libraries=C:\Users\mouez\git\googleSearchRest\googleSearchRest\target\classes,C:\Users\mouez\.m2\repository\junit\junit\3.8.1\junit-3.8.1.jar
  - sonar.links.ci=
  - sonar.links.homepage=http://maven.apache.org
  - sonar.links.issue=
  - sonar.links.scm=
  - sonar.links.scm_dev=
  - sonar.login=******
  - sonar.moduleKey=homniserv.moueza:googleSearchRest
  - sonar.organization=moueza-github
  - sonar.projectBaseDir=C:\Users\mouez\git\googleSearchRest\googleSearchRest
  - sonar.projectBuildDir=C:\Users\mouez\git\googleSearchRest\googleSearchRest\target
  - sonar.projectKey=homniserv.moueza:googleSearchRest
  - sonar.projectName=googleSearchRest Maven Webapp
  - sonar.projectVersion=0.0.1-SNAPSHOT
  - sonar.scanner.app=ScannerMaven
  - sonar.scanner.appVersion=3.4.0.905/3.3.9
  - sonar.sourceEncoding=UTF-8
  - sonar.sources=C:\Users\mouez\git\googleSearchRest\googleSearchRest\src\main\webapp,C:\Users\mouez\git\googleSearchRest\googleSearchRest\pom.xml,C:\Users\mouez\git\googleSearchRest\googleSearchRest\src\main\java
  - sonar.verbose=true
  - sonar.working.directory=C:\Users\mouez\git\googleSearchRest\googleSearchRest\target\sonar
